{"name": "test_method1", "status": "failed", "statusDetails": {"message": "AssertionError: assert 5 == 6", "trace": "@pytest.mark.smoke\n    def test_method1():\n        print(\"Hello World\")\n>       assert  5==6\nE       assert 5 == 6\n\nSrc/ex_24_PyTest/test_Lab_184_Basic.py:5: AssertionError"}, "attachments": [{"name": "stdout", "source": "45ece587-2a52-4e6d-9460-82c6b1a4e38d-attachment.txt", "type": "text/plain"}], "start": 1765825609740, "stop": 1765825609742, "uuid": "dcb4d098-5fb2-4802-adbb-c35ec052ffb2", "historyId": "d29b3b6ccea8848cec1167580164bffe", "testCaseId": "d29b3b6ccea8848cec1167580164bffe", "fullName": "Src.ex_24_PyTest.test_Lab_184_Basic#test_method1", "labels": [{"name": "tag", "value": "smoke"}, {"name": "parentSuite", "value": "Src.ex_24_PyTest"}, {"name": "suite", "value": "test_Lab_184_Basic"}, {"name": "host", "value": "Prashants-MacBook-Pro.local"}, {"name": "thread", "value": "23149-MainThread"}, {"name": "framework", "value": "pytest"}, {"name": "language", "value": "cpython3"}, {"name": "package", "value": "Src.ex_24_PyTest.test_Lab_184_Basic"}], "titlePath": ["Src", "ex_24_PyTest", "test_Lab_184_Basic.py"]}