{"name": "test_method1", "status": "failed", "statusDetails": {"message": "AssertionError: assert (1 - 1) == 2", "trace": "@pytest.mark.smoke\n    def test_method1():\n        print(\"test1\")\n>       assert 1-1== 2\nE       assert (1 - 1) == 2\n\nSrc/ex_24_PyTest/test_Lab_185.py:5: AssertionError"}, "attachments": [{"name": "stdout", "source": "2b72faba-4b92-4662-90b3-5092e0577c2b-attachment.txt", "type": "text/plain"}], "start": 1765826045836, "stop": 1765826045837, "uuid": "835da9ac-6401-4273-a3cc-9b35569da159", "historyId": "f174e2efb11a6a68e746fc1746923673", "testCaseId": "f174e2efb11a6a68e746fc1746923673", "fullName": "Src.ex_24_PyTest.test_Lab_185#test_method1", "labels": [{"name": "tag", "value": "smoke"}, {"name": "parentSuite", "value": "Src.ex_24_PyTest"}, {"name": "suite", "value": "test_Lab_185"}, {"name": "host", "value": "Prashants-MacBook-Pro.local"}, {"name": "thread", "value": "24358-MainThread"}, {"name": "framework", "value": "pytest"}, {"name": "language", "value": "cpython3"}, {"name": "package", "value": "Src.ex_24_PyTest.test_Lab_185"}], "titlePath": ["Src", "ex_24_PyTest", "test_Lab_185.py"]}