{"name": "test_method1", "status": "failed", "statusDetails": {"message": "AssertionError: assert 5 == 6", "trace": "@pytest.mark.smoke\n    def test_method1():\n        print(\"Hello World\")\n>       assert  5==6\nE       assert 5 == 6\n\nSrc/ex_24_PyTest/test_Lab_184_Basic.py:5: AssertionError"}, "attachments": [{"name": "stdout", "source": "770c90a6-e7cd-4793-be8a-d9a6ec39afe9-attachment.txt", "type": "text/plain"}], "start": 1765826045809, "stop": 1765826045811, "uuid": "0d0e9d57-6a62-4e72-9035-d813aa125131", "historyId": "d29b3b6ccea8848cec1167580164bffe", "testCaseId": "d29b3b6ccea8848cec1167580164bffe", "fullName": "Src.ex_24_PyTest.test_Lab_184_Basic#test_method1", "labels": [{"name": "tag", "value": "smoke"}, {"name": "parentSuite", "value": "Src.ex_24_PyTest"}, {"name": "suite", "value": "test_Lab_184_Basic"}, {"name": "host", "value": "Prashants-MacBook-Pro.local"}, {"name": "thread", "value": "24358-MainThread"}, {"name": "framework", "value": "pytest"}, {"name": "language", "value": "cpython3"}, {"name": "package", "value": "Src.ex_24_PyTest.test_Lab_184_Basic"}], "titlePath": ["Src", "ex_24_PyTest", "test_Lab_184_Basic.py"]}