{"name": "test_method1", "status": "failed", "statusDetails": {"message": "AssertionError: assert (1 - 1) == 2", "trace": "@pytest.mark.smoke\n    def test_method1():\n        print(\"test1\")\n>       assert 1-1== 2\nE       assert (1 - 1) == 2\n\nSrc/ex_24_PyTest/test_Lab_185.py:5: AssertionError"}, "attachments": [{"name": "stdout", "source": "0b9e3d35-62a6-4aad-8320-144a2c4aaae2-attachment.txt", "type": "text/plain"}], "start": 1765825609766, "stop": 1765825609767, "uuid": "6fd7dd28-ef1e-4cf2-b3a5-94c8fddd3bde", "historyId": "f174e2efb11a6a68e746fc1746923673", "testCaseId": "f174e2efb11a6a68e746fc1746923673", "fullName": "Src.ex_24_PyTest.test_Lab_185#test_method1", "labels": [{"name": "tag", "value": "smoke"}, {"name": "parentSuite", "value": "Src.ex_24_PyTest"}, {"name": "suite", "value": "test_Lab_185"}, {"name": "host", "value": "Prashants-MacBook-Pro.local"}, {"name": "thread", "value": "23149-MainThread"}, {"name": "framework", "value": "pytest"}, {"name": "language", "value": "cpython3"}, {"name": "package", "value": "Src.ex_24_PyTest.test_Lab_185"}], "titlePath": ["Src", "ex_24_PyTest", "test_Lab_185.py"]}