{"name": "Verify that the create booking is working", "status": "failed", "statusDetails": {"message": "AssertionError: assert (1 - 1) == 2", "trace": "@allure.title(\"Verify that the create booking is working\")\n    @allure.description(\"We are going to verify the create booking in the future of this function\")\n    @pytest.mark.positive\n    def test_create_booking_positive():\n        print(\"test_create_booking_positive\")\n>       assert 1-1==2\nE       assert (1 - 1) == 2\n\nSrc/ex_25_Allure_Pytest/test_Lab_186_Allure.py:9: AssertionError"}, "description": "We are going to verify the create booking in the future of this function", "attachments": [{"name": "stdout", "source": "b587cc4b-2951-46da-ac3d-77905ac0d61e-attachment.txt", "type": "text/plain"}], "start": 1765825609779, "stop": 1765825609780, "uuid": "cbaef093-ad37-4409-9517-e9db8fc0d522", "historyId": "c2f1ec4c0668719bbffc48440b8af9d5", "testCaseId": "c2f1ec4c0668719bbffc48440b8af9d5", "fullName": "Src.ex_25_Allure_Pytest.test_Lab_186_Allure#test_create_booking_positive", "labels": [{"name": "tag", "value": "positive"}, {"name": "parentSuite", "value": "Src.ex_25_Allure_Pytest"}, {"name": "suite", "value": "test_Lab_186_Allure"}, {"name": "host", "value": "Prashants-MacBook-Pro.local"}, {"name": "thread", "value": "23149-MainThread"}, {"name": "framework", "value": "pytest"}, {"name": "language", "value": "cpython3"}, {"name": "package", "value": "Src.ex_25_Allure_Pytest.test_Lab_186_Allure"}], "titlePath": ["Src", "ex_25_Allure_Pytest", "test_Lab_186_Allure.py"]}